
Profiling started at Fri Oct 18 08:38:37 2024
Profiling stopped at Fri Oct 18 08:38:37 2024

-- OProfile/operf Statistics --
Nr. non-backtrace samples: 413
Nr. kernel samples: 245
Nr. user space samples: 168
Nr. samples lost due to sample address not in expected range for domain: 0
Nr. lost kernel samples: 0
Nr. samples lost due to sample file open failure: 0
Nr. samples lost due to no permanent mapping: 0
Nr. user context kernel samples lost due to no app info available: 0
Nr. user samples lost due to no app info available: 0
Nr. backtraces skipped due to no file mapping: 0
Nr. hypervisor samples dropped due to address out-of-range: 0
Nr. samples lost reported by perf_events kernel: 0

Profiling started at Fri Oct 18 08:39:39 2024
Profiling stopped at Fri Oct 18 08:39:39 2024

-- OProfile/operf Statistics --
Nr. non-backtrace samples: 315
Nr. kernel samples: 149
Nr. user space samples: 166
Nr. samples lost due to sample address not in expected range for domain: 0
Nr. lost kernel samples: 0
Nr. samples lost due to sample file open failure: 0
Nr. samples lost due to no permanent mapping: 0
Nr. user context kernel samples lost due to no app info available: 0
Nr. user samples lost due to no app info available: 0
Nr. backtraces skipped due to no file mapping: 0
Nr. hypervisor samples dropped due to address out-of-range: 0
Nr. samples lost reported by perf_events kernel: 0

Profiling started at Fri Oct 18 08:45:09 2024
Profiling stopped at Fri Oct 18 08:45:09 2024

-- OProfile/operf Statistics --
Nr. non-backtrace samples: 299
Nr. kernel samples: 144
Nr. user space samples: 155
Nr. samples lost due to sample address not in expected range for domain: 0
Nr. lost kernel samples: 0
Nr. samples lost due to sample file open failure: 0
Nr. samples lost due to no permanent mapping: 0
Nr. user context kernel samples lost due to no app info available: 0
Nr. user samples lost due to no app info available: 0
Nr. backtraces skipped due to no file mapping: 0
Nr. hypervisor samples dropped due to address out-of-range: 0
Nr. samples lost reported by perf_events kernel: 0
